<?xml version="1.0" encoding="UTF-8"?>
<testng-results skipped="0" failed="0" ignored="0" total="1" passed="1">
  <reporter-output>
  </reporter-output>
  <suite name="sanitory" duration-ms="53862" started-at="2021-05-24T02:07:01 PDT" finished-at="2021-05-24T02:07:55 PDT">
    <groups>
    </groups>
    <test name="SauceLabDemo" duration-ms="53862" started-at="2021-05-24T02:07:01 PDT" finished-at="2021-05-24T02:07:55 PDT">
      <class name="Test_Cases.TC1_Login">
        <test-method status="PASS" signature="setup(java.lang.String)[pri:0, instance:Test_Cases.TC1_Login@e874448]" name="setup" is-config="true" duration-ms="16065" started-at="2021-05-24T02:07:01 PDT" finished-at="2021-05-24T02:07:18 PDT">
          <params>
            <param index="0">
              <value>
                <![CDATA[chrome]]>
              </value>
            </param>
          </params>
          <reporter-output>
          </reporter-output>
        </test-method> <!-- setup -->
        <test-method status="PASS" signature="login()[pri:0, instance:Test_Cases.TC1_Login@e874448]" name="login" duration-ms="35605" started-at="2021-05-24T02:07:18 PDT" finished-at="2021-05-24T02:07:53 PDT">
          <reporter-output>
          </reporter-output>
        </test-method> <!-- login -->
        <test-method status="PASS" signature="teardown()[pri:0, instance:Test_Cases.TC1_Login@e874448]" name="teardown" is-config="true" duration-ms="1180" started-at="2021-05-24T02:07:53 PDT" finished-at="2021-05-24T02:07:55 PDT">
          <reporter-output>
          </reporter-output>
        </test-method> <!-- teardown -->
      </class> <!-- Test_Cases.TC1_Login -->
    </test> <!-- SauceLabDemo -->
  </suite> <!-- sanitory -->
</testng-results>
